[21:04:15:139] - [AsyncResolver-bootstrap-executor-0] [INFO] - c.n.d.s.r.aws.ConfigClusterResolver - Resolving eureka endpoints via configuration
[21:09:15:145] - [AsyncResolver-bootstrap-executor-0] [INFO] - c.n.d.s.r.aws.ConfigClusterResolver - Resolving eureka endpoints via configuration
[21:09:28:641] - [http-nio-1414-exec-8] [INFO] - c.s.h.c.HelloWorldController - HHHHHHHH
[21:09:43:969] - [http-nio-1414-exec-9] [INFO] - c.s.h.c.HelloWorldController - HHHHHHHH
[21:09:54:680] - [http-nio-1414-exec-10] [INFO] - c.s.h.c.HelloWorldController - HHHHHHHH
[21:10:19:064] - [http-nio-1414-exec-1] [INFO] - c.s.h.c.HelloWorldController - HHHHHHHH
[21:10:32:540] - [http-nio-1414-exec-2] [INFO] - c.s.h.c.HelloWorldController - HHHHHHHH
[21:10:38:876] - [http-nio-1414-exec-4] [INFO] - c.s.h.c.HelloWorldController - HHHHHHHH
[21:10:45:367] - [http-nio-1414-exec-5] [INFO] - c.s.h.c.HelloWorldController - HHHHHHHH
[21:10:52:534] - [http-nio-1414-exec-6] [INFO] - c.s.h.c.HelloWorldController - HHHHHHHH
[21:14:15:146] - [AsyncResolver-bootstrap-executor-0] [INFO] - c.n.d.s.r.aws.ConfigClusterResolver - Resolving eureka endpoints via configuration
[21:19:15:147] - [AsyncResolver-bootstrap-executor-0] [INFO] - c.n.d.s.r.aws.ConfigClusterResolver - Resolving eureka endpoints via configuration
[21:23:46:035] - [http-nio-1414-exec-9] [INFO] - c.s.h.c.HelloWorldController - HHHHHHHH
[21:24:15:150] - [AsyncResolver-bootstrap-executor-0] [INFO] - c.n.d.s.r.aws.ConfigClusterResolver - Resolving eureka endpoints via configuration
[21:26:44:275] - [http-nio-1414-exec-1] [INFO] - c.s.h.c.HelloWorldController - HHHHHHHH
[21:26:49:936] - [http-nio-1414-exec-2] [INFO] - c.s.h.c.HelloWorldController - HHHHHHHH
[21:27:49:703] - [restartedMain] [INFO] - c.s.h.HospitalPigeonholeAppApplication - The following profiles are active: dev
[21:27:49:719] - [restartedMain] [INFO] - o.s.b.c.e.AnnotationConfigEmbeddedWebApplicationContext - Refreshing org.springframework.boot.context.embedded.AnnotationConfigEmbeddedWebApplicationContext@60ed8656: startup date [Mon Nov 16 21:27:49 CST 2020]; parent: org.springframework.context.annotation.AnnotationConfigApplicationContext@38cc9f1
[21:27:50:811] - [restartedMain] [INFO] - o.s.d.r.c.RepositoryConfigurationDelegate - Multiple Spring Data modules found, entering strict repository configuration mode!
[21:27:50:963] - [restartedMain] [WARN] - o.s.c.a.ConfigurationClassPostProcessor - Cannot enhance @Configuration bean definition 'propertySourcesPlaceholderConfigurer' since its singleton instance has been created too early. The typical cause is a non-static @Bean method with a BeanDefinitionRegistryPostProcessor return type: Consider declaring such methods as 'static'.
[21:27:51:052] - [restartedMain] [INFO] - o.s.cloud.context.scope.GenericScope - BeanFactory id=e41fba9f-7e72-365a-8417-dc041e767fdd
[21:27:51:061] - [restartedMain] [INFO] - o.s.b.f.a.AutowiredAnnotationBeanPostProcessor - JSR-330 'javax.inject.Inject' annotation found and supported for autowiring
[21:27:51:150] - [restartedMain] [INFO] - o.s.c.s.PostProcessorRegistrationDelegate$BeanPostProcessorChecker - Bean 'org.springframework.transaction.annotation.ProxyTransactionManagementConfiguration' of type [org.springframework.transaction.annotation.ProxyTransactionManagementConfiguration$$EnhancerBySpringCGLIB$$31410a23] is not eligible for getting processed by all BeanPostProcessors (for example: not eligible for auto-proxying)
[21:27:51:170] - [restartedMain] [INFO] - o.s.c.s.PostProcessorRegistrationDelegate$BeanPostProcessorChecker - Bean 'org.springframework.cloud.autoconfigure.ConfigurationPropertiesRebinderAutoConfiguration' of type [org.springframework.cloud.autoconfigure.ConfigurationPropertiesRebinderAutoConfiguration$$EnhancerBySpringCGLIB$$4d5b0d20] is not eligible for getting processed by all BeanPostProcessors (for example: not eligible for auto-proxying)
[21:27:51:454] - [restartedMain] [INFO] - o.s.b.c.e.t.TomcatEmbeddedServletContainer - Tomcat initialized with port(s): 1414 (http)
[21:27:51:461] - [restartedMain] [INFO] - o.a.catalina.core.StandardService - Starting service Tomcat
[21:27:51:463] - [restartedMain] [INFO] - o.a.catalina.core.StandardEngine - Starting Servlet Engine: Apache Tomcat/8.5.14
[21:27:51:569] - [localhost-startStop-1] [INFO] - o.a.c.c.C.[Tomcat].[localhost].[/] - Initializing Spring embedded WebApplicationContext
[21:27:51:571] - [localhost-startStop-1] [INFO] - o.s.web.context.ContextLoader - Root WebApplicationContext: initialization completed in 1852 ms
[21:27:51:700] - [localhost-startStop-1] [INFO] - o.s.b.w.s.ServletRegistrationBean - Mapping servlet: 'dispatcherServlet' to [/]
[21:27:51:703] - [localhost-startStop-1] [INFO] - o.s.b.w.s.FilterRegistrationBean - Mapping filter: 'characterEncodingFilter' to: [/*]
[21:27:51:704] - [localhost-startStop-1] [INFO] - o.s.b.w.s.FilterRegistrationBean - Mapping filter: 'hiddenHttpMethodFilter' to: [/*]
[21:27:51:704] - [localhost-startStop-1] [INFO] - o.s.b.w.s.FilterRegistrationBean - Mapping filter: 'httpPutFormContentFilter' to: [/*]
[21:27:51:704] - [localhost-startStop-1] [INFO] - o.s.b.w.s.FilterRegistrationBean - Mapping filter: 'requestContextFilter' to: [/*]
[21:27:52:053] - [restartedMain] [INFO] - c.signit.hospital.config.RedisConfig - init JredisPool ...
[21:27:53:908] - [restartedMain] [INFO] - o.s.cloud.commons.util.InetUtils - Cannot determine local hostname
[21:27:54:220] - [restartedMain] [INFO] - o.s.w.s.m.m.a.RequestMappingHandlerAdapter - Looking for @ControllerAdvice: org.springframework.boot.context.embedded.AnnotationConfigEmbeddedWebApplicationContext@60ed8656: startup date [Mon Nov 16 21:27:49 CST 2020]; parent: org.springframework.context.annotation.AnnotationConfigApplicationContext@38cc9f1
[21:27:54:271] - [restartedMain] [INFO] - o.s.w.s.m.m.a.RequestMappingHandlerMapping - Mapped "{[/api/hello],methods=[GET]}" onto public java.lang.String cn.signit.hospitalpigeonholeapp.controller.HelloWorldController.hello()
[21:27:54:273] - [restartedMain] [INFO] - o.s.w.s.m.m.a.RequestMappingHandlerMapping - Mapped "{[/person/{id}],methods=[GET]}" onto public cn.signit.hospital.po.Person cn.signit.hospitalpigeonholeapp.controller.HelloWorldController.getOneyById(int)
[21:27:54:273] - [restartedMain] [INFO] - o.s.w.s.m.m.a.RequestMappingHandlerMapping - Mapped "{[/delete/{id}],methods=[GET]}" onto public void cn.signit.hospitalpigeonholeapp.controller.HelloWorldController.deletePersonById(int)
[21:27:54:273] - [restartedMain] [INFO] - o.s.w.s.m.m.a.RequestMappingHandlerMapping - Mapped "{[/redis],methods=[GET]}" onto public java.lang.String cn.signit.hospitalpigeonholeapp.controller.TestRedis.helloWorld(java.lang.String)
[21:27:54:275] - [restartedMain] [INFO] - o.s.w.s.m.m.a.RequestMappingHandlerMapping - Mapped "{[/error]}" onto public org.springframework.http.ResponseEntity<java.util.Map<java.lang.String, java.lang.Object>> org.springframework.boot.autoconfigure.web.BasicErrorController.error(javax.servlet.http.HttpServletRequest)
[21:27:54:275] - [restartedMain] [INFO] - o.s.w.s.m.m.a.RequestMappingHandlerMapping - Mapped "{[/error],produces=[text/html]}" onto public org.springframework.web.servlet.ModelAndView org.springframework.boot.autoconfigure.web.BasicErrorController.errorHtml(javax.servlet.http.HttpServletRequest,javax.servlet.http.HttpServletResponse)
[21:27:54:304] - [restartedMain] [INFO] - o.s.w.s.h.SimpleUrlHandlerMapping - Mapped URL path [/webjars/**] onto handler of type [class org.springframework.web.servlet.resource.ResourceHttpRequestHandler]
[21:27:54:305] - [restartedMain] [INFO] - o.s.w.s.h.SimpleUrlHandlerMapping - Mapped URL path [/**] onto handler of type [class org.springframework.web.servlet.resource.ResourceHttpRequestHandler]
[21:27:54:339] - [restartedMain] [INFO] - o.s.w.s.h.SimpleUrlHandlerMapping - Mapped URL path [/**/favicon.ico] onto handler of type [class org.springframework.web.servlet.resource.ResourceHttpRequestHandler]
[21:27:54:775] - [restartedMain] [INFO] - o.s.b.d.a.OptionalLiveReloadServer - LiveReload server is running on port 35729
[21:27:54:864] - [restartedMain] [WARN] - c.n.c.sources.URLConfigurationSource - No URLs will be polled as dynamic configuration sources.
[21:27:54:865] - [restartedMain] [INFO] - c.n.c.sources.URLConfigurationSource - To enable URLs as dynamic configuration sources, define System property archaius.configurationSource.additionalUrls or make config.properties available on classpath.
[21:27:54:868] - [restartedMain] [WARN] - c.n.c.sources.URLConfigurationSource - No URLs will be polled as dynamic configuration sources.
[21:27:54:868] - [restartedMain] [INFO] - c.n.c.sources.URLConfigurationSource - To enable URLs as dynamic configuration sources, define System property archaius.configurationSource.additionalUrls or make config.properties available on classpath.
[21:27:54:955] - [restartedMain] [INFO] - o.s.j.e.a.AnnotationMBeanExporter - Registering beans for JMX exposure on startup
[21:27:54:961] - [restartedMain] [INFO] - o.s.j.e.a.AnnotationMBeanExporter - Bean with name 'environmentManager' has been autodetected for JMX exposure
[21:27:54:962] - [restartedMain] [INFO] - o.s.j.e.a.AnnotationMBeanExporter - Bean with name 'configurationPropertiesRebinder' has been autodetected for JMX exposure
[21:27:54:963] - [restartedMain] [INFO] - o.s.j.e.a.AnnotationMBeanExporter - Bean with name 'refreshScope' has been autodetected for JMX exposure
[21:27:54:964] - [restartedMain] [INFO] - o.s.j.e.a.AnnotationMBeanExporter - Located managed bean 'environmentManager': registering with JMX server as MBean [org.springframework.cloud.context.environment:name=environmentManager,type=EnvironmentManager]
[21:27:54:974] - [restartedMain] [INFO] - o.s.j.e.a.AnnotationMBeanExporter - Located managed bean 'refreshScope': registering with JMX server as MBean [org.springframework.cloud.context.scope.refresh:name=refreshScope,type=RefreshScope]
[21:27:54:984] - [restartedMain] [INFO] - o.s.j.e.a.AnnotationMBeanExporter - Located managed bean 'configurationPropertiesRebinder': registering with JMX server as MBean [org.springframework.cloud.context.properties:name=configurationPropertiesRebinder,context=60ed8656,type=ConfigurationPropertiesRebinder]
[21:27:55:163] - [restartedMain] [INFO] - o.s.c.s.DefaultLifecycleProcessor - Starting beans in phase 0
[21:27:55:168] - [restartedMain] [INFO] - o.s.c.n.eureka.InstanceInfoFactory - Setting initial instance status as: STARTING
[21:27:55:203] - [restartedMain] [INFO] - c.netflix.discovery.DiscoveryClient - Initializing Eureka in region us-east-1
[21:27:55:300] - [restartedMain] [INFO] - c.n.d.p.DiscoveryJerseyProvider - Using JSON encoding codec LegacyJacksonJson
[21:27:55:300] - [restartedMain] [INFO] - c.n.d.p.DiscoveryJerseyProvider - Using JSON decoding codec LegacyJacksonJson
[21:27:55:372] - [restartedMain] [INFO] - c.n.d.p.DiscoveryJerseyProvider - Using XML encoding codec XStreamXml
[21:27:55:372] - [restartedMain] [INFO] - c.n.d.p.DiscoveryJerseyProvider - Using XML decoding codec XStreamXml
[21:27:55:512] - [restartedMain] [INFO] - c.n.d.s.r.aws.ConfigClusterResolver - Resolving eureka endpoints via configuration
[21:27:56:052] - [restartedMain] [INFO] - c.netflix.discovery.DiscoveryClient - Disable delta property : false
[21:27:56:052] - [restartedMain] [INFO] - c.netflix.discovery.DiscoveryClient - Single vip registry refresh property : null
[21:27:56:052] - [restartedMain] [INFO] - c.netflix.discovery.DiscoveryClient - Force full registry fetch : false
[21:27:56:052] - [restartedMain] [INFO] - c.netflix.discovery.DiscoveryClient - Application is null : false
[21:27:56:053] - [restartedMain] [INFO] - c.netflix.discovery.DiscoveryClient - Registered Applications size is zero : true
[21:27:56:053] - [restartedMain] [INFO] - c.netflix.discovery.DiscoveryClient - Application version is -1: true
[21:27:56:053] - [restartedMain] [INFO] - c.netflix.discovery.DiscoveryClient - Getting all instance registry info from the eureka server
[21:27:56:236] - [restartedMain] [INFO] - c.netflix.discovery.DiscoveryClient - The response status is 200
[21:27:56:238] - [restartedMain] [INFO] - c.netflix.discovery.DiscoveryClient - Starting heartbeat executor: renew interval is: 30
[21:27:56:240] - [restartedMain] [INFO] - c.n.discovery.InstanceInfoReplicator - InstanceInfoReplicator onDemand update allowed rate per min is 4
[21:27:56:242] - [restartedMain] [INFO] - c.netflix.discovery.DiscoveryClient - Discovery Client initialized at timestamp 1605533276242 with initial instances count: 26
[21:27:56:256] - [restartedMain] [INFO] - o.s.c.n.e.s.EurekaServiceRegistry - Registering application hospitak-filing with eureka with status UP
[21:27:56:256] - [restartedMain] [INFO] - c.netflix.discovery.DiscoveryClient - Saw local status change event StatusChangeEvent [timestamp=1605533276256, current=UP, previous=STARTING]
[21:27:56:258] - [DiscoveryClient-InstanceInfoReplicator-0] [INFO] - c.netflix.discovery.DiscoveryClient - DiscoveryClient_HOSPITAK-FILING/192.168.1.192:1414: registering service...
[21:27:56:269] - [restartedMain] [INFO] - o.a.coyote.http11.Http11NioProtocol - Initializing ProtocolHandler ["http-nio-1414"]
[21:27:56:278] - [restartedMain] [INFO] - o.a.coyote.http11.Http11NioProtocol - Starting ProtocolHandler ["http-nio-1414"]
[21:27:56:288] - [restartedMain] [INFO] - o.a.tomcat.util.net.NioSelectorPool - Using a shared selector for servlet write/read
[21:27:56:296] - [DiscoveryClient-InstanceInfoReplicator-0] [INFO] - c.netflix.discovery.DiscoveryClient - DiscoveryClient_HOSPITAK-FILING/192.168.1.192:1414 - registration status: 204
[21:27:56:302] - [restartedMain] [INFO] - o.s.b.c.e.t.TomcatEmbeddedServletContainer - Tomcat started on port(s): 1414 (http)
[21:27:56:302] - [restartedMain] [INFO] - o.s.c.n.e.s.EurekaAutoServiceRegistration - Updating port to 1414
[21:27:56:305] - [restartedMain] [INFO] - c.s.h.HospitalPigeonholeAppApplication - Started HospitalPigeonholeAppApplication in 11.345 seconds (JVM running for 12.946)
[21:28:02:180] - [http-nio-1414-exec-1] [INFO] - o.a.c.c.C.[Tomcat].[localhost].[/] - Initializing Spring FrameworkServlet 'dispatcherServlet'
[21:28:02:181] - [http-nio-1414-exec-1] [INFO] - o.s.web.servlet.DispatcherServlet - FrameworkServlet 'dispatcherServlet': initialization started
[21:28:02:204] - [http-nio-1414-exec-1] [INFO] - o.s.web.servlet.DispatcherServlet - FrameworkServlet 'dispatcherServlet': initialization completed in 23 ms
[21:28:35:178] - [http-nio-1414-exec-6] [INFO] - c.s.h.c.HelloWorldController - HHHHHHHH
[21:29:46:071] - [http-nio-1414-exec-9] [INFO] - c.s.h.c.HelloWorldController - HHHHHHHH
[21:30:16:671] - [http-nio-1414-exec-1] [INFO] - c.s.h.c.HelloWorldController - HHHHHHHH
[21:32:56:055] - [AsyncResolver-bootstrap-executor-0] [INFO] - c.n.d.s.r.aws.ConfigClusterResolver - Resolving eureka endpoints via configuration
[21:37:56:058] - [AsyncResolver-bootstrap-executor-0] [INFO] - c.n.d.s.r.aws.ConfigClusterResolver - Resolving eureka endpoints via configuration
[21:40:56:557] - [http-nio-1414-exec-5] [INFO] - c.s.h.c.HelloWorldController - HHHHHHHH
[21:42:56:060] - [AsyncResolver-bootstrap-executor-0] [INFO] - c.n.d.s.r.aws.ConfigClusterResolver - Resolving eureka endpoints via configuration
[21:45:06:135] - [http-nio-1414-exec-7] [INFO] - c.s.h.c.HelloWorldController - HHHHHHHH
[21:45:34:162] - [http-nio-1414-exec-8] [INFO] - c.s.h.c.HelloWorldController - HHHHHHHH
[21:45:36:951] - [http-nio-1414-exec-9] [INFO] - c.s.h.c.HelloWorldController - HHHHHHHH
[21:45:47:838] - [http-nio-1414-exec-10] [INFO] - c.s.h.c.HelloWorldController - HHHHHHHH
[21:47:56:061] - [AsyncResolver-bootstrap-executor-0] [INFO] - c.n.d.s.r.aws.ConfigClusterResolver - Resolving eureka endpoints via configuration
[21:51:33:700] - [restartedMain] [INFO] - c.s.h.HospitalPigeonholeAppApplication - The following profiles are active: dev
[21:51:33:712] - [restartedMain] [INFO] - o.s.b.c.e.AnnotationConfigEmbeddedWebApplicationContext - Refreshing org.springframework.boot.context.embedded.AnnotationConfigEmbeddedWebApplicationContext@68c9e8c5: startup date [Mon Nov 16 21:51:33 CST 2020]; parent: org.springframework.context.annotation.AnnotationConfigApplicationContext@36164153
[21:51:34:786] - [restartedMain] [INFO] - o.s.d.r.c.RepositoryConfigurationDelegate - Multiple Spring Data modules found, entering strict repository configuration mode!
[21:51:34:928] - [restartedMain] [WARN] - o.s.c.a.ConfigurationClassPostProcessor - Cannot enhance @Configuration bean definition 'propertySourcesPlaceholderConfigurer' since its singleton instance has been created too early. The typical cause is a non-static @Bean method with a BeanDefinitionRegistryPostProcessor return type: Consider declaring such methods as 'static'.
[21:51:35:012] - [restartedMain] [INFO] - o.s.cloud.context.scope.GenericScope - BeanFactory id=346fa06a-30b2-3c44-8878-d4d71fa2b900
[21:51:35:022] - [restartedMain] [INFO] - o.s.b.f.a.AutowiredAnnotationBeanPostProcessor - JSR-330 'javax.inject.Inject' annotation found and supported for autowiring
[21:51:35:114] - [restartedMain] [INFO] - o.s.c.s.PostProcessorRegistrationDelegate$BeanPostProcessorChecker - Bean 'org.springframework.transaction.annotation.ProxyTransactionManagementConfiguration' of type [org.springframework.transaction.annotation.ProxyTransactionManagementConfiguration$$EnhancerBySpringCGLIB$$fe13d63c] is not eligible for getting processed by all BeanPostProcessors (for example: not eligible for auto-proxying)
[21:51:35:136] - [restartedMain] [INFO] - o.s.c.s.PostProcessorRegistrationDelegate$BeanPostProcessorChecker - Bean 'org.springframework.cloud.autoconfigure.ConfigurationPropertiesRebinderAutoConfiguration' of type [org.springframework.cloud.autoconfigure.ConfigurationPropertiesRebinderAutoConfiguration$$EnhancerBySpringCGLIB$$1a2dd939] is not eligible for getting processed by all BeanPostProcessors (for example: not eligible for auto-proxying)
[21:51:35:426] - [restartedMain] [INFO] - o.s.b.c.e.t.TomcatEmbeddedServletContainer - Tomcat initialized with port(s): 1414 (http)
[21:51:35:436] - [restartedMain] [INFO] - o.a.catalina.core.StandardService - Starting service Tomcat
[21:51:35:437] - [restartedMain] [INFO] - o.a.catalina.core.StandardEngine - Starting Servlet Engine: Apache Tomcat/8.5.14
[21:51:35:535] - [localhost-startStop-1] [INFO] - o.a.c.c.C.[Tomcat].[localhost].[/] - Initializing Spring embedded WebApplicationContext
[21:51:35:537] - [localhost-startStop-1] [INFO] - o.s.web.context.ContextLoader - Root WebApplicationContext: initialization completed in 1825 ms
[21:51:35:673] - [localhost-startStop-1] [INFO] - o.s.b.w.s.ServletRegistrationBean - Mapping servlet: 'dispatcherServlet' to [/]
[21:51:35:676] - [localhost-startStop-1] [INFO] - o.s.b.w.s.FilterRegistrationBean - Mapping filter: 'characterEncodingFilter' to: [/*]
[21:51:35:676] - [localhost-startStop-1] [INFO] - o.s.b.w.s.FilterRegistrationBean - Mapping filter: 'hiddenHttpMethodFilter' to: [/*]
[21:51:35:677] - [localhost-startStop-1] [INFO] - o.s.b.w.s.FilterRegistrationBean - Mapping filter: 'httpPutFormContentFilter' to: [/*]
[21:51:35:677] - [localhost-startStop-1] [INFO] - o.s.b.w.s.FilterRegistrationBean - Mapping filter: 'requestContextFilter' to: [/*]
[21:51:36:026] - [restartedMain] [INFO] - c.signit.hospital.config.RedisConfig - init JredisPool ...
[21:51:37:894] - [restartedMain] [INFO] - o.s.cloud.commons.util.InetUtils - Cannot determine local hostname
[21:51:38:181] - [restartedMain] [INFO] - o.s.w.s.m.m.a.RequestMappingHandlerAdapter - Looking for @ControllerAdvice: org.springframework.boot.context.embedded.AnnotationConfigEmbeddedWebApplicationContext@68c9e8c5: startup date [Mon Nov 16 21:51:33 CST 2020]; parent: org.springframework.context.annotation.AnnotationConfigApplicationContext@36164153
[21:51:38:232] - [restartedMain] [INFO] - o.s.w.s.m.m.a.RequestMappingHandlerMapping - Mapped "{[/person/{id}],methods=[GET]}" onto public cn.signit.hospital.po.Person cn.signit.hospitalpigeonholeapp.controller.HelloWorldController.getOneyById(int)
[21:51:38:232] - [restartedMain] [INFO] - o.s.w.s.m.m.a.RequestMappingHandlerMapping - Mapped "{[/api/hello],methods=[GET]}" onto public java.lang.String cn.signit.hospitalpigeonholeapp.controller.HelloWorldController.hello()
[21:51:38:233] - [restartedMain] [INFO] - o.s.w.s.m.m.a.RequestMappingHandlerMapping - Mapped "{[/delete/{id}],methods=[GET]}" onto public void cn.signit.hospitalpigeonholeapp.controller.HelloWorldController.deletePersonById(int)
[21:51:38:233] - [restartedMain] [INFO] - o.s.w.s.m.m.a.RequestMappingHandlerMapping - Mapped "{[/redis],methods=[GET]}" onto public java.lang.String cn.signit.hospitalpigeonholeapp.controller.TestRedis.helloWorld(java.lang.String)
[21:51:38:234] - [restartedMain] [INFO] - o.s.w.s.m.m.a.RequestMappingHandlerMapping - Mapped "{[/error]}" onto public org.springframework.http.ResponseEntity<java.util.Map<java.lang.String, java.lang.Object>> org.springframework.boot.autoconfigure.web.BasicErrorController.error(javax.servlet.http.HttpServletRequest)
[21:51:38:235] - [restartedMain] [INFO] - o.s.w.s.m.m.a.RequestMappingHandlerMapping - Mapped "{[/error],produces=[text/html]}" onto public org.springframework.web.servlet.ModelAndView org.springframework.boot.autoconfigure.web.BasicErrorController.errorHtml(javax.servlet.http.HttpServletRequest,javax.servlet.http.HttpServletResponse)
[21:51:38:265] - [restartedMain] [INFO] - o.s.w.s.h.SimpleUrlHandlerMapping - Mapped URL path [/webjars/**] onto handler of type [class org.springframework.web.servlet.resource.ResourceHttpRequestHandler]
[21:51:38:266] - [restartedMain] [INFO] - o.s.w.s.h.SimpleUrlHandlerMapping - Mapped URL path [/**] onto handler of type [class org.springframework.web.servlet.resource.ResourceHttpRequestHandler]
[21:51:38:299] - [restartedMain] [INFO] - o.s.w.s.h.SimpleUrlHandlerMapping - Mapped URL path [/**/favicon.ico] onto handler of type [class org.springframework.web.servlet.resource.ResourceHttpRequestHandler]
[21:51:38:721] - [restartedMain] [INFO] - o.s.b.d.a.OptionalLiveReloadServer - LiveReload server is running on port 35729
[21:51:38:812] - [restartedMain] [WARN] - c.n.c.sources.URLConfigurationSource - No URLs will be polled as dynamic configuration sources.
[21:51:38:813] - [restartedMain] [INFO] - c.n.c.sources.URLConfigurationSource - To enable URLs as dynamic configuration sources, define System property archaius.configurationSource.additionalUrls or make config.properties available on classpath.
[21:51:38:816] - [restartedMain] [WARN] - c.n.c.sources.URLConfigurationSource - No URLs will be polled as dynamic configuration sources.
[21:51:38:817] - [restartedMain] [INFO] - c.n.c.sources.URLConfigurationSource - To enable URLs as dynamic configuration sources, define System property archaius.configurationSource.additionalUrls or make config.properties available on classpath.
[21:51:38:903] - [restartedMain] [INFO] - o.s.j.e.a.AnnotationMBeanExporter - Registering beans for JMX exposure on startup
[21:51:38:909] - [restartedMain] [INFO] - o.s.j.e.a.AnnotationMBeanExporter - Bean with name 'environmentManager' has been autodetected for JMX exposure
[21:51:38:911] - [restartedMain] [INFO] - o.s.j.e.a.AnnotationMBeanExporter - Bean with name 'configurationPropertiesRebinder' has been autodetected for JMX exposure
[21:51:38:912] - [restartedMain] [INFO] - o.s.j.e.a.AnnotationMBeanExporter - Bean with name 'refreshScope' has been autodetected for JMX exposure
[21:51:38:913] - [restartedMain] [INFO] - o.s.j.e.a.AnnotationMBeanExporter - Located managed bean 'environmentManager': registering with JMX server as MBean [org.springframework.cloud.context.environment:name=environmentManager,type=EnvironmentManager]
[21:51:38:923] - [restartedMain] [INFO] - o.s.j.e.a.AnnotationMBeanExporter - Located managed bean 'refreshScope': registering with JMX server as MBean [org.springframework.cloud.context.scope.refresh:name=refreshScope,type=RefreshScope]
[21:51:38:936] - [restartedMain] [INFO] - o.s.j.e.a.AnnotationMBeanExporter - Located managed bean 'configurationPropertiesRebinder': registering with JMX server as MBean [org.springframework.cloud.context.properties:name=configurationPropertiesRebinder,context=68c9e8c5,type=ConfigurationPropertiesRebinder]
[21:51:39:108] - [restartedMain] [INFO] - o.s.c.s.DefaultLifecycleProcessor - Starting beans in phase 0
[21:51:39:113] - [restartedMain] [INFO] - o.s.c.n.eureka.InstanceInfoFactory - Setting initial instance status as: STARTING
[21:51:39:149] - [restartedMain] [INFO] - c.netflix.discovery.DiscoveryClient - Initializing Eureka in region us-east-1
[21:51:39:247] - [restartedMain] [INFO] - c.n.d.p.DiscoveryJerseyProvider - Using JSON encoding codec LegacyJacksonJson
[21:51:39:247] - [restartedMain] [INFO] - c.n.d.p.DiscoveryJerseyProvider - Using JSON decoding codec LegacyJacksonJson
[21:51:39:318] - [restartedMain] [INFO] - c.n.d.p.DiscoveryJerseyProvider - Using XML encoding codec XStreamXml
[21:51:39:318] - [restartedMain] [INFO] - c.n.d.p.DiscoveryJerseyProvider - Using XML decoding codec XStreamXml
[21:51:39:456] - [restartedMain] [INFO] - c.n.d.s.r.aws.ConfigClusterResolver - Resolving eureka endpoints via configuration
[21:51:40:028] - [restartedMain] [INFO] - c.netflix.discovery.DiscoveryClient - Disable delta property : false
[21:51:40:028] - [restartedMain] [INFO] - c.netflix.discovery.DiscoveryClient - Single vip registry refresh property : null
[21:51:40:028] - [restartedMain] [INFO] - c.netflix.discovery.DiscoveryClient - Force full registry fetch : false
[21:51:40:028] - [restartedMain] [INFO] - c.netflix.discovery.DiscoveryClient - Application is null : false
[21:51:40:028] - [restartedMain] [INFO] - c.netflix.discovery.DiscoveryClient - Registered Applications size is zero : true
[21:51:40:028] - [restartedMain] [INFO] - c.netflix.discovery.DiscoveryClient - Application version is -1: true
[21:51:40:028] - [restartedMain] [INFO] - c.netflix.discovery.DiscoveryClient - Getting all instance registry info from the eureka server
[21:51:40:237] - [restartedMain] [INFO] - c.netflix.discovery.DiscoveryClient - The response status is 200
[21:51:40:238] - [restartedMain] [INFO] - c.netflix.discovery.DiscoveryClient - Starting heartbeat executor: renew interval is: 30
[21:51:40:240] - [restartedMain] [INFO] - c.n.discovery.InstanceInfoReplicator - InstanceInfoReplicator onDemand update allowed rate per min is 4
[21:51:40:242] - [restartedMain] [INFO] - c.netflix.discovery.DiscoveryClient - Discovery Client initialized at timestamp 1605534700242 with initial instances count: 26
[21:51:40:256] - [restartedMain] [INFO] - o.s.c.n.e.s.EurekaServiceRegistry - Registering application hospitak-filing with eureka with status UP
[21:51:40:256] - [restartedMain] [INFO] - c.netflix.discovery.DiscoveryClient - Saw local status change event StatusChangeEvent [timestamp=1605534700256, current=UP, previous=STARTING]
[21:51:40:258] - [DiscoveryClient-InstanceInfoReplicator-0] [INFO] - c.netflix.discovery.DiscoveryClient - DiscoveryClient_HOSPITAK-FILING/192.168.1.192:1414: registering service...
[21:51:40:268] - [restartedMain] [INFO] - o.a.coyote.http11.Http11NioProtocol - Initializing ProtocolHandler ["http-nio-1414"]
[21:51:40:279] - [restartedMain] [INFO] - o.a.coyote.http11.Http11NioProtocol - Starting ProtocolHandler ["http-nio-1414"]
[21:51:40:288] - [restartedMain] [INFO] - o.a.tomcat.util.net.NioSelectorPool - Using a shared selector for servlet write/read
[21:51:40:304] - [restartedMain] [INFO] - o.s.b.c.e.t.TomcatEmbeddedServletContainer - Tomcat started on port(s): 1414 (http)
[21:51:40:304] - [restartedMain] [INFO] - o.s.c.n.e.s.EurekaAutoServiceRegistration - Updating port to 1414
[21:51:40:307] - [restartedMain] [INFO] - c.s.h.HospitalPigeonholeAppApplication - Started HospitalPigeonholeAppApplication in 11.369 seconds (JVM running for 13.092)
[21:51:40:337] - [DiscoveryClient-InstanceInfoReplicator-0] [INFO] - c.netflix.discovery.DiscoveryClient - DiscoveryClient_HOSPITAK-FILING/192.168.1.192:1414 - registration status: 204
[21:52:01:920] - [http-nio-1414-exec-1] [INFO] - o.a.c.c.C.[Tomcat].[localhost].[/] - Initializing Spring FrameworkServlet 'dispatcherServlet'
[21:52:01:921] - [http-nio-1414-exec-1] [INFO] - o.s.web.servlet.DispatcherServlet - FrameworkServlet 'dispatcherServlet': initialization started
[21:52:01:941] - [http-nio-1414-exec-1] [INFO] - o.s.web.servlet.DispatcherServlet - FrameworkServlet 'dispatcherServlet': initialization completed in 20 ms
[21:52:01:971] - [http-nio-1414-exec-1] [INFO] - c.s.h.c.HelloWorldController - HHHHHHHH
